{"sessionId":"00e876","runId":"pre-fix","hypothesisId":"H3","location":"src/semantic/SemanticDecl.cpp:610","message":"dispatch top-level declaration","data":{"kind":10},"timestamp":1776246548555}
{"sessionId":"00e876","runId":"pre-fix","hypothesisId":"H3","location":"src/semantic/SemanticDecl.cpp:610","message":"dispatch top-level declaration","data":{"kind":18},"timestamp":1776246548556}
{"sessionId":"00e876","runId":"pre-fix","hypothesisId":"H1","location":"src/semantic/SemanticDecl.cpp:261","message":"checkStructDecl field iteration","data":{"struct":"MathOps","field":"add","hasDefault":false},"timestamp":1776246548557}
{"sessionId":"00e876","runId":"pre-fix","hypothesisId":"H1","location":"src/semantic/SemanticDecl.cpp:261","message":"checkStructDecl field iteration","data":{"struct":"MathOps","field":"transform","hasDefault":false},"timestamp":1776246548559}
{"sessionId":"00e876","runId":"pre-fix","hypothesisId":"H3","location":"src/semantic/SemanticDecl.cpp:610","message":"dispatch top-level declaration","data":{"kind":18},"timestamp":1776246548561}
{"sessionId":"00e876","runId":"pre-fix","hypothesisId":"H1","location":"src/semantic/SemanticDecl.cpp:261","message":"checkStructDecl field iteration","data":{"struct":"Point","field":"x","hasDefault":true},"timestamp":1776246548563}
{"sessionId":"00e876","runId":"pre-fix","hypothesisId":"H2","location":"src/semantic/SemanticDecl.cpp:279","message":"struct default value checked","data":{"struct":"Point","field":"x","fieldTypeNull":false,"defaultTypeNull":false},"timestamp":1776246548564}
{"sessionId":"00e876","runId":"pre-fix","hypothesisId":"H1","location":"src/semantic/SemanticDecl.cpp:261","message":"checkStructDecl field iteration","data":{"struct":"Point","field":"y","hasDefault":false},"timestamp":1776246548565}
{"sessionId":"00e876","runId":"pre-fix","hypothesisId":"H3","location":"src/semantic/SemanticDecl.cpp:610","message":"dispatch top-level declaration","data":{"kind":13},"timestamp":1776246548566}
{"sessionId":"00e876","runId":"pre-fix","hypothesisId":"H10","location":"src/semantic/SemanticExpr.cpp:1345","message":"struct literal field init resolved","data":{"struct":"Point","field":"y","fieldTypeNull":false,"fieldTypeKind":0,"valueTypeNull":false,"valueTypeKind":0},"timestamp":1776246548567}
{"sessionId":"00e876","runId":"pre-fix","hypothesisId":"H3","location":"src/semantic/SemanticDecl.cpp:610","message":"dispatch top-level declaration","data":{"kind":26},"timestamp":1776246548568}
{"sessionId":"00e876","runId":"pre-fix","hypothesisId":"H12","location":"src/semantic/SemanticStmt.cpp:172","message":"checkBlock statement dispatch","data":{"stmtKind":58,"line":22},"timestamp":1776246548570}
{"sessionId":"00e876","runId":"pre-fix","hypothesisId":"H12","location":"src/semantic/SemanticStmt.cpp:172","message":"checkBlock statement dispatch","data":{"stmtKind":58,"line":29},"timestamp":1776246548571}
{"sessionId":"00e876","runId":"pre-fix","hypothesisId":"H10","location":"src/semantic/SemanticExpr.cpp:1345","message":"struct literal field init resolved","data":{"struct":"Point","field":"x","fieldTypeNull":false,"fieldTypeKind":0,"valueTypeNull":false,"valueTypeKind":0},"timestamp":1776246548573}
{"sessionId":"00e876","runId":"pre-fix","hypothesisId":"H10","location":"src/semantic/SemanticExpr.cpp:1345","message":"struct literal field init resolved","data":{"struct":"Point","field":"y","fieldTypeNull":false,"fieldTypeKind":0,"valueTypeNull":false,"valueTypeKind":0},"timestamp":1776246548574}
{"sessionId":"00e876","runId":"pre-fix","hypothesisId":"H3","location":"src/semantic/SemanticDecl.cpp:610","message":"dispatch top-level declaration","data":{"kind":18},"timestamp":1776246548575}
{"sessionId":"00e876","runId":"pre-fix","hypothesisId":"H1","location":"src/semantic/SemanticDecl.cpp:261","message":"checkStructDecl field iteration","data":{"struct":"Seconds","field":"val","hasDefault":false},"timestamp":1776246548576}
{"sessionId":"00e876","runId":"pre-fix","hypothesisId":"H3","location":"src/semantic/SemanticDecl.cpp:610","message":"dispatch top-level declaration","data":{"kind":18},"timestamp":1776246548578}
{"sessionId":"00e876","runId":"pre-fix","hypothesisId":"H1","location":"src/semantic/SemanticDecl.cpp:261","message":"checkStructDecl field iteration","data":{"struct":"Minutes","field":"val","hasDefault":false},"timestamp":1776246548579}
{"sessionId":"00e876","runId":"pre-fix","hypothesisId":"H3","location":"src/semantic/SemanticDecl.cpp:610","message":"dispatch top-level declaration","data":{"kind":24},"timestamp":1776246548580}
{"sessionId":"00e876","runId":"pre-fix","hypothesisId":"H12","location":"src/semantic/SemanticStmt.cpp:172","message":"checkBlock statement dispatch","data":{"stmtKind":58,"line":40},"timestamp":1776246548582}
{"sessionId":"00e876","runId":"pre-fix","hypothesisId":"H10","location":"src/semantic/SemanticExpr.cpp:1345","message":"struct literal field init resolved","data":{"struct":"Minutes","field":"val","fieldTypeNull":false,"fieldTypeKind":0,"valueTypeNull":false,"valueTypeKind":0},"timestamp":1776246548583}
{"sessionId":"00e876","runId":"pre-fix","hypothesisId":"H3","location":"src/semantic/SemanticDecl.cpp:610","message":"dispatch top-level declaration","data":{"kind":16},"timestamp":1776246548584}
{"sessionId":"00e876","runId":"pre-fix","hypothesisId":"H12","location":"src/semantic/SemanticStmt.cpp:172","message":"checkBlock statement dispatch","data":{"stmtKind":58,"line":47},"timestamp":1776246548585}
{"sessionId":"00e876","runId":"pre-fix","hypothesisId":"H3","location":"src/semantic/SemanticDecl.cpp:610","message":"dispatch top-level declaration","data":{"kind":16},"timestamp":1776246548586}
{"sessionId":"00e876","runId":"pre-fix","hypothesisId":"H12","location":"src/semantic/SemanticStmt.cpp:172","message":"checkBlock statement dispatch","data":{"stmtKind":52,"line":54},"timestamp":1776246548586}
{"sessionId":"00e876","runId":"pre-fix","hypothesisId":"H12","location":"src/semantic/SemanticStmt.cpp:172","message":"checkBlock statement dispatch","data":{"stmtKind":58,"line":55},"timestamp":1776246548587}
{"sessionId":"00e876","runId":"pre-fix","hypothesisId":"H3","location":"src/semantic/SemanticDecl.cpp:610","message":"dispatch top-level declaration","data":{"kind":16},"timestamp":1776246548588}
{"sessionId":"00e876","runId":"pre-fix","hypothesisId":"H12","location":"src/semantic/SemanticStmt.cpp:172","message":"checkBlock statement dispatch","data":{"stmtKind":52,"line":62},"timestamp":1776246548589}
{"sessionId":"00e876","runId":"pre-fix","hypothesisId":"H12","location":"src/semantic/SemanticStmt.cpp:172","message":"checkBlock statement dispatch","data":{"stmtKind":52,"line":63},"timestamp":1776246548589}
{"sessionId":"00e876","runId":"pre-fix","hypothesisId":"H4","location":"src/semantic/SemanticExpr.cpp:362","message":"enter checkCallExpr","data":{"argCount":1,"calleeKind":35},"timestamp":1776246548590}
{"sessionId":"00e876","runId":"pre-fix","hypothesisId":"H4","location":"src/semantic/SemanticExpr.cpp:362","message":"enter checkCallExpr","data":{"argCount":1,"calleeKind":32},"timestamp":1776246548592}
{"sessionId":"00e876","runId":"pre-fix","hypothesisId":"H4","location":"src/semantic/SemanticExpr.cpp:374","message":"callee type resolved","data":{"calleeTypeNull":false,"calleeTypeKind":9},"timestamp":1776246548592}
{"sessionId":"00e876","runId":"pre-fix","hypothesisId":"H6","location":"src/semantic/SemanticExpr.cpp:396","message":"identifier callee symbol lookup","data":{"name":"myAdd","line":63,"found":true,"kind":0},"timestamp":1776246548593}
{"sessionId":"00e876","runId":"pre-fix","hypothesisId":"H4","location":"src/semantic/SemanticExpr.cpp:374","message":"callee type resolved","data":{"calleeTypeNull":false,"calleeTypeKind":9},"timestamp":1776246548593}
{"sessionId":"00e876","runId":"pre-fix","hypothesisId":"H12","location":"src/semantic/SemanticStmt.cpp:172","message":"checkBlock statement dispatch","data":{"stmtKind":52,"line":67},"timestamp":1776246548594}
{"sessionId":"00e876","runId":"pre-fix","hypothesisId":"H4","location":"src/semantic/SemanticExpr.cpp:362","message":"enter checkCallExpr","data":{"argCount":1,"calleeKind":32},"timestamp":1776246548595}
{"sessionId":"00e876","runId":"pre-fix","hypothesisId":"H4","location":"src/semantic/SemanticExpr.cpp:374","message":"callee type resolved","data":{"calleeTypeNull":false,"calleeTypeKind":9},"timestamp":1776246548595}
{"sessionId":"00e876","runId":"pre-fix","hypothesisId":"H6","location":"src/semantic/SemanticExpr.cpp:396","message":"identifier callee symbol lookup","data":{"name":"core_add","line":67,"found":true,"kind":1},"timestamp":1776246548596}
{"sessionId":"00e876","runId":"pre-fix","hypothesisId":"H7","location":"src/semantic/SemanticExpr.cpp:478","message":"func/method call branch before decl cast","data":{"line":67,"symbolKind":1,"declAstKind":16},"timestamp":1776246548597}
{"sessionId":"00e876","runId":"pre-fix","hypothesisId":"H8","location":"src/semantic/SemanticExpr.cpp:504","message":"func/method branch return type from calleeType","data":{"line":67,"returnTypeNull":false},"timestamp":1776246548597}
{"sessionId":"00e876","runId":"pre-fix","hypothesisId":"H12","location":"src/semantic/SemanticStmt.cpp:172","message":"checkBlock statement dispatch","data":{"stmtKind":52,"line":68},"timestamp":1776246548598}
{"sessionId":"00e876","runId":"pre-fix","hypothesisId":"H4","location":"src/semantic/SemanticExpr.cpp:362","message":"enter checkCallExpr","data":{"argCount":1,"calleeKind":32},"timestamp":1776246548599}
{"sessionId":"00e876","runId":"pre-fix","hypothesisId":"H4","location":"src/semantic/SemanticExpr.cpp:374","message":"callee type resolved","data":{"calleeTypeNull":false,"calleeTypeKind":9},"timestamp":1776246548599}
{"sessionId":"00e876","runId":"pre-fix","hypothesisId":"H6","location":"src/semantic/SemanticExpr.cpp:396","message":"identifier callee symbol lookup","data":{"name":"addFive","line":68,"found":true,"kind":0},"timestamp":1776246548600}
{"sessionId":"00e876","runId":"pre-fix","hypothesisId":"H12","location":"src/semantic/SemanticStmt.cpp:172","message":"checkBlock statement dispatch","data":{"stmtKind":52,"line":71},"timestamp":1776246548600}
{"sessionId":"00e876","runId":"pre-fix","hypothesisId":"H12","location":"src/semantic/SemanticStmt.cpp:172","message":"checkBlock statement dispatch","data":{"stmtKind":58,"line":72},"timestamp":1776246548601}
{"sessionId":"00e876","runId":"pre-fix","hypothesisId":"H11","location":"src/semantic/SemanticExpr.cpp:1201","message":"anon function expression resolved","data":{"paramGroupCount":1,"returnTypeNodeNull":false},"timestamp":1776246548601}
{"sessionId":"00e876","runId":"pre-fix","hypothesisId":"H10","location":"src/semantic/SemanticExpr.cpp:1345","message":"struct literal field init resolved","data":{"struct":"MathOps","field":"add","fieldTypeNull":false,"fieldTypeKind":9,"valueTypeNull":true,"valueTypeKind":-1},"timestamp":1776246548602}
{"sessionId":"00e876","runId":"pre-fix","hypothesisId":"H10","location":"src/semantic/SemanticExpr.cpp:1345","message":"struct literal field init resolved","data":{"struct":"MathOps","field":"transform","fieldTypeNull":false,"fieldTypeKind":9,"valueTypeNull":false,"valueTypeKind":9},"timestamp":1776246548602}
{"sessionId":"00e876","runId":"pre-fix","hypothesisId":"H12","location":"src/semantic/SemanticStmt.cpp:172","message":"checkBlock statement dispatch","data":{"stmtKind":52,"line":75},"timestamp":1776246548602}
{"sessionId":"00e876","runId":"pre-fix","hypothesisId":"H4","location":"src/semantic/SemanticExpr.cpp:362","message":"enter checkCallExpr","data":{"argCount":2,"calleeKind":33},"timestamp":1776246548603}
{"sessionId":"00e876","runId":"pre-fix","hypothesisId":"H4","location":"src/semantic/SemanticExpr.cpp:374","message":"callee type resolved","data":{"calleeTypeNull":false,"calleeTypeKind":9},"timestamp":1776246548603}
{"sessionId":"00e876","runId":"pre-fix","hypothesisId":"H12","location":"src/semantic/SemanticStmt.cpp:172","message":"checkBlock statement dispatch","data":{"stmtKind":52,"line":76},"timestamp":1776246548604}
{"sessionId":"00e876","runId":"pre-fix","hypothesisId":"H4","location":"src/semantic/SemanticExpr.cpp:362","message":"enter checkCallExpr","data":{"argCount":1,"calleeKind":33},"timestamp":1776246548605}
{"sessionId":"00e876","runId":"pre-fix","hypothesisId":"H4","location":"src/semantic/SemanticExpr.cpp:374","message":"callee type resolved","data":{"calleeTypeNull":false,"calleeTypeKind":9},"timestamp":1776246548606}
{"sessionId":"00e876","runId":"pre-fix","hypothesisId":"H12","location":"src/semantic/SemanticStmt.cpp:172","message":"checkBlock statement dispatch","data":{"stmtKind":52,"line":80},"timestamp":1776246548606}
{"sessionId":"00e876","runId":"pre-fix","hypothesisId":"H10","location":"src/semantic/SemanticExpr.cpp:1345","message":"struct literal field init resolved","data":{"struct":"Point","field":"x","fieldTypeNull":false,"fieldTypeKind":0,"valueTypeNull":false,"valueTypeKind":0},"timestamp":1776246548607}
{"sessionId":"00e876","runId":"pre-fix","hypothesisId":"H10","location":"src/semantic/SemanticExpr.cpp:1345","message":"struct literal field init resolved","data":{"struct":"Point","field":"y","fieldTypeNull":false,"fieldTypeKind":0,"valueTypeNull":false,"valueTypeKind":0},"timestamp":1776246548608}
{"sessionId":"00e876","runId":"pre-fix","hypothesisId":"H12","location":"src/semantic/SemanticStmt.cpp:172","message":"checkBlock statement dispatch","data":{"stmtKind":52,"line":86},"timestamp":1776246548608}
{"sessionId":"00e876","runId":"pre-fix","hypothesisId":"H12","location":"src/semantic/SemanticStmt.cpp:172","message":"checkBlock statement dispatch","data":{"stmtKind":52,"line":89},"timestamp":1776246548609}
{"sessionId":"00e876","runId":"pre-fix","hypothesisId":"H4","location":"src/semantic/SemanticExpr.cpp:362","message":"enter checkCallExpr","data":{"argCount":1,"calleeKind":32},"timestamp":1776246548609}
{"sessionId":"00e876","runId":"pre-fix","hypothesisId":"H4","location":"src/semantic/SemanticExpr.cpp:374","message":"callee type resolved","data":{"calleeTypeNull":false,"calleeTypeKind":9},"timestamp":1776246548610}
{"sessionId":"00e876","runId":"pre-fix","hypothesisId":"H6","location":"src/semantic/SemanticExpr.cpp:396","message":"identifier callee symbol lookup","data":{"name":"movePoint","line":89,"found":true,"kind":0},"timestamp":1776246548610}
{"sessionId":"00e876","runId":"pre-fix","hypothesisId":"H12","location":"src/semantic/SemanticStmt.cpp:172","message":"checkBlock statement dispatch","data":{"stmtKind":52,"line":90},"timestamp":1776246548610}
{"sessionId":"00e876","runId":"pre-fix","hypothesisId":"H4","location":"src/semantic/SemanticExpr.cpp:362","message":"enter checkCallExpr","data":{"argCount":1,"calleeKind":32},"timestamp":1776246548611}
{"sessionId":"00e876","runId":"pre-fix","hypothesisId":"H4","location":"src/semantic/SemanticExpr.cpp:374","message":"callee type resolved","data":{"calleeTypeNull":false,"calleeTypeKind":9},"timestamp":1776246548612}
{"sessionId":"00e876","runId":"pre-fix","hypothesisId":"H6","location":"src/semantic/SemanticExpr.cpp:396","message":"identifier callee symbol lookup","data":{"name":"moveRight","line":90,"found":true,"kind":0},"timestamp":1776246548613}
{"sessionId":"00e876","runId":"pre-fix","hypothesisId":"H12","location":"src/semantic/SemanticStmt.cpp:172","message":"checkBlock statement dispatch","data":{"stmtKind":52,"line":93},"timestamp":1776246548613}
{"sessionId":"00e876","runId":"pre-fix","hypothesisId":"H10","location":"src/semantic/SemanticExpr.cpp:1345","message":"struct literal field init resolved","data":{"struct":"Seconds","field":"val","fieldTypeNull":false,"fieldTypeKind":0,"valueTypeNull":false,"valueTypeKind":0},"timestamp":1776246548614}
{"sessionId":"00e876","runId":"pre-fix","hypothesisId":"H12","location":"src/semantic/SemanticStmt.cpp:172","message":"checkBlock statement dispatch","data":{"stmtKind":52,"line":94},"timestamp":1776246548614}
{"sessionId":"00e876","runId":"pre-fix","hypothesisId":"H4","location":"src/semantic/SemanticExpr.cpp:362","message":"enter checkCallExpr","data":{"argCount":1,"calleeKind":32},"timestamp":1776246548615}
{"sessionId":"00e876","runId":"pre-fix","hypothesisId":"H4","location":"src/semantic/SemanticExpr.cpp:374","message":"callee type resolved","data":{"calleeTypeNull":true,"calleeTypeKind":-1},"timestamp":1776246548615}
{"sessionId":"00e876","runId":"pre-fix","hypothesisId":"H12","location":"src/semantic/SemanticStmt.cpp:172","message":"checkBlock statement dispatch","data":{"stmtKind":52,"line":95},"timestamp":1776246548615}
{"sessionId":"00e876","runId":"pre-fix","hypothesisId":"H12","location":"src/semantic/SemanticStmt.cpp:172","message":"checkBlock statement dispatch","data":{"stmtKind":52,"line":98},"timestamp":1776246548616}
{"sessionId":"00e876","runId":"pre-fix","hypothesisId":"H12","location":"src/semantic/SemanticStmt.cpp:172","message":"checkBlock statement dispatch","data":{"stmtKind":58,"line":99},"timestamp":1776246548616}
{"sessionId":"00e876","runId":"pre-fix","hypothesisId":"H9","location":"src/semantic/SemanticStmt.cpp:183","message":"local function symbol declared in statement scope","data":{"name":"anonAsync","line":98,"symTypeKind":9,"signatureKind":9},"timestamp":1776246548616}
{"sessionId":"00e876","runId":"pre-fix","hypothesisId":"H12","location":"src/semantic/SemanticStmt.cpp:172","message":"checkBlock statement dispatch","data":{"stmtKind":52,"line":103},"timestamp":1776246548617}
{"sessionId":"00e876","runId":"pre-fix","hypothesisId":"H4","location":"src/semantic/SemanticExpr.cpp:362","message":"enter checkCallExpr","data":{"argCount":1,"calleeKind":32},"timestamp":1776246548617}
{"sessionId":"00e876","runId":"pre-fix","hypothesisId":"H4","location":"src/semantic/SemanticExpr.cpp:374","message":"callee type resolved","data":{"calleeTypeNull":false,"calleeTypeKind":9},"timestamp":1776246548618}
{"sessionId":"00e876","runId":"pre-fix","hypothesisId":"H6","location":"src/semantic/SemanticExpr.cpp:396","message":"identifier callee symbol lookup","data":{"name":"computeAsync","line":103,"found":true,"kind":1},"timestamp":1776246548618}
{"sessionId":"00e876","runId":"pre-fix","hypothesisId":"H7","location":"src/semantic/SemanticExpr.cpp:478","message":"func/method call branch before decl cast","data":{"line":103,"symbolKind":1,"declAstKind":16},"timestamp":1776246548619}
{"sessionId":"00e876","runId":"pre-fix","hypothesisId":"H8","location":"src/semantic/SemanticExpr.cpp:504","message":"func/method branch return type from calleeType","data":{"line":103,"returnTypeNull":false},"timestamp":1776246548620}
{"sessionId":"00e876","runId":"pre-fix","hypothesisId":"H12","location":"src/semantic/SemanticStmt.cpp:172","message":"checkBlock statement dispatch","data":{"stmtKind":52,"line":104},"timestamp":1776246548620}
{"sessionId":"00e876","runId":"pre-fix","hypothesisId":"H4","location":"src/semantic/SemanticExpr.cpp:362","message":"enter checkCallExpr","data":{"argCount":1,"calleeKind":35},"timestamp":1776246548621}
{"sessionId":"00e876","runId":"pre-fix","hypothesisId":"H4","location":"src/semantic/SemanticExpr.cpp:362","message":"enter checkCallExpr","data":{"argCount":1,"calleeKind":32},"timestamp":1776246548622}
{"sessionId":"00e876","runId":"pre-fix","hypothesisId":"H4","location":"src/semantic/SemanticExpr.cpp:374","message":"callee type resolved","data":{"calleeTypeNull":false,"calleeTypeKind":9},"timestamp":1776246548622}
{"sessionId":"00e876","runId":"pre-fix","hypothesisId":"H6","location":"src/semantic/SemanticExpr.cpp:396","message":"identifier callee symbol lookup","data":{"name":"anonAsync","line":104,"found":true,"kind":1},"timestamp":1776246548622}
{"sessionId":"00e876","runId":"pre-fix","hypothesisId":"H7","location":"src/semantic/SemanticExpr.cpp:478","message":"func/method call branch before decl cast","data":{"line":104,"symbolKind":1,"declAstKind":16},"timestamp":1776246548623}
{"sessionId":"00e876","runId":"pre-fix","hypothesisId":"H8","location":"src/semantic/SemanticExpr.cpp:504","message":"func/method branch return type from calleeType","data":{"line":104,"returnTypeNull":false},"timestamp":1776246548623}
{"sessionId":"00e876","runId":"pre-fix","hypothesisId":"H4","location":"src/semantic/SemanticExpr.cpp:374","message":"callee type resolved","data":{"calleeTypeNull":false,"calleeTypeKind":9},"timestamp":1776246548623}
{"sessionId":"00e876","runId":"pre-fix","hypothesisId":"H12","location":"src/semantic/SemanticStmt.cpp:172","message":"checkBlock statement dispatch","data":{"stmtKind":52,"line":108},"timestamp":1776246548624}
{"sessionId":"00e876","runId":"pre-fix","hypothesisId":"H12","location":"src/semantic/SemanticStmt.cpp:172","message":"checkBlock statement dispatch","data":{"stmtKind":58,"line":109},"timestamp":1776246548624}
{"sessionId":"00e876","runId":"pre-fix","hypothesisId":"H9","location":"src/semantic/SemanticStmt.cpp:183","message":"local function symbol declared in statement scope","data":{"name":"f1","line":108,"symTypeKind":9,"signatureKind":9},"timestamp":1776246548625}
{"sessionId":"00e876","runId":"pre-fix","hypothesisId":"H12","location":"src/semantic/SemanticStmt.cpp:172","message":"checkBlock statement dispatch","data":{"stmtKind":52,"line":113},"timestamp":1776246548626}
{"sessionId":"00e876","runId":"pre-fix","hypothesisId":"H12","location":"src/semantic/SemanticStmt.cpp:172","message":"checkBlock statement dispatch","data":{"stmtKind":58,"line":114},"timestamp":1776246548627}
{"sessionId":"00e876","runId":"pre-fix","hypothesisId":"H4","location":"src/semantic/SemanticExpr.cpp:362","message":"enter checkCallExpr","data":{"argCount":1,"calleeKind":32},"timestamp":1776246548628}
{"sessionId":"00e876","runId":"pre-fix","hypothesisId":"H4","location":"src/semantic/SemanticExpr.cpp:374","message":"callee type resolved","data":{"calleeTypeNull":false,"calleeTypeKind":9},"timestamp":1776246548628}
{"sessionId":"00e876","runId":"pre-fix","hypothesisId":"H6","location":"src/semantic/SemanticExpr.cpp:396","message":"identifier callee symbol lookup","data":{"name":"fn","line":114,"found":true,"kind":6},"timestamp":1776246548628}
{"sessionId":"00e876","runId":"pre-fix","hypothesisId":"H9","location":"src/semantic/SemanticStmt.cpp:183","message":"local function symbol declared in statement scope","data":{"name":"f2","line":113,"symTypeKind":9,"signatureKind":9},"timestamp":1776246548629}
{"sessionId":"00e876","runId":"pre-fix","hypothesisId":"H12","location":"src/semantic/SemanticStmt.cpp:172","message":"checkBlock statement dispatch","data":{"stmtKind":52,"line":119},"timestamp":1776246548630}
{"sessionId":"00e876","runId":"pre-fix","hypothesisId":"H12","location":"src/semantic/SemanticStmt.cpp:172","message":"checkBlock statement dispatch","data":{"stmtKind":58,"line":121},"timestamp":1776246548630}
{"sessionId":"00e876","runId":"pre-fix","hypothesisId":"H3","location":"src/semantic/SemanticDecl.cpp:610","message":"dispatch top-level declaration","data":{"kind":10},"timestamp":1776246749684}
{"sessionId":"00e876","runId":"pre-fix","hypothesisId":"H3","location":"src/semantic/SemanticDecl.cpp:610","message":"dispatch top-level declaration","data":{"kind":18},"timestamp":1776246749685}
{"sessionId":"00e876","runId":"pre-fix","hypothesisId":"H1","location":"src/semantic/SemanticDecl.cpp:261","message":"checkStructDecl field iteration","data":{"struct":"MathOps","field":"add","hasDefault":false},"timestamp":1776246749687}
{"sessionId":"00e876","runId":"pre-fix","hypothesisId":"H1","location":"src/semantic/SemanticDecl.cpp:261","message":"checkStructDecl field iteration","data":{"struct":"MathOps","field":"transform","hasDefault":false},"timestamp":1776246749688}
{"sessionId":"00e876","runId":"pre-fix","hypothesisId":"H3","location":"src/semantic/SemanticDecl.cpp:610","message":"dispatch top-level declaration","data":{"kind":18},"timestamp":1776246749690}
{"sessionId":"00e876","runId":"pre-fix","hypothesisId":"H1","location":"src/semantic/SemanticDecl.cpp:261","message":"checkStructDecl field iteration","data":{"struct":"Point","field":"x","hasDefault":true},"timestamp":1776246749692}
{"sessionId":"00e876","runId":"pre-fix","hypothesisId":"H2","location":"src/semantic/SemanticDecl.cpp:279","message":"struct default value checked","data":{"struct":"Point","field":"x","fieldTypeNull":false,"defaultTypeNull":false},"timestamp":1776246749694}
{"sessionId":"00e876","runId":"pre-fix","hypothesisId":"H1","location":"src/semantic/SemanticDecl.cpp:261","message":"checkStructDecl field iteration","data":{"struct":"Point","field":"y","hasDefault":false},"timestamp":1776246749695}
{"sessionId":"00e876","runId":"pre-fix","hypothesisId":"H3","location":"src/semantic/SemanticDecl.cpp:610","message":"dispatch top-level declaration","data":{"kind":13},"timestamp":1776246749699}
{"sessionId":"00e876","runId":"pre-fix","hypothesisId":"H10","location":"src/semantic/SemanticExpr.cpp:1345","message":"struct literal field init resolved","data":{"struct":"Point","field":"y","fieldTypeNull":false,"fieldTypeKind":0,"valueTypeNull":false,"valueTypeKind":0},"timestamp":1776246749700}
{"sessionId":"00e876","runId":"pre-fix","hypothesisId":"H3","location":"src/semantic/SemanticDecl.cpp:610","message":"dispatch top-level declaration","data":{"kind":26},"timestamp":1776246749701}
{"sessionId":"00e876","runId":"pre-fix","hypothesisId":"H12","location":"src/semantic/SemanticStmt.cpp:172","message":"checkBlock statement dispatch","data":{"stmtKind":58,"line":22},"timestamp":1776246749702}
{"sessionId":"00e876","runId":"pre-fix","hypothesisId":"H12","location":"src/semantic/SemanticStmt.cpp:172","message":"checkBlock statement dispatch","data":{"stmtKind":58,"line":29},"timestamp":1776246749702}
{"sessionId":"00e876","runId":"pre-fix","hypothesisId":"H10","location":"src/semantic/SemanticExpr.cpp:1345","message":"struct literal field init resolved","data":{"struct":"Point","field":"x","fieldTypeNull":false,"fieldTypeKind":0,"valueTypeNull":false,"valueTypeKind":0},"timestamp":1776246749703}
{"sessionId":"00e876","runId":"pre-fix","hypothesisId":"H10","location":"src/semantic/SemanticExpr.cpp:1345","message":"struct literal field init resolved","data":{"struct":"Point","field":"y","fieldTypeNull":false,"fieldTypeKind":0,"valueTypeNull":false,"valueTypeKind":0},"timestamp":1776246749704}
{"sessionId":"00e876","runId":"pre-fix","hypothesisId":"H3","location":"src/semantic/SemanticDecl.cpp:610","message":"dispatch top-level declaration","data":{"kind":18},"timestamp":1776246749705}
{"sessionId":"00e876","runId":"pre-fix","hypothesisId":"H1","location":"src/semantic/SemanticDecl.cpp:261","message":"checkStructDecl field iteration","data":{"struct":"Seconds","field":"val","hasDefault":false},"timestamp":1776246749708}
{"sessionId":"00e876","runId":"pre-fix","hypothesisId":"H3","location":"src/semantic/SemanticDecl.cpp:610","message":"dispatch top-level declaration","data":{"kind":18},"timestamp":1776246749710}
{"sessionId":"00e876","runId":"pre-fix","hypothesisId":"H1","location":"src/semantic/SemanticDecl.cpp:261","message":"checkStructDecl field iteration","data":{"struct":"Minutes","field":"val","hasDefault":false},"timestamp":1776246749712}
{"sessionId":"00e876","runId":"pre-fix","hypothesisId":"H3","location":"src/semantic/SemanticDecl.cpp:610","message":"dispatch top-level declaration","data":{"kind":24},"timestamp":1776246749715}
{"sessionId":"00e876","runId":"pre-fix","hypothesisId":"H12","location":"src/semantic/SemanticStmt.cpp:172","message":"checkBlock statement dispatch","data":{"stmtKind":58,"line":40},"timestamp":1776246749716}
{"sessionId":"00e876","runId":"pre-fix","hypothesisId":"H10","location":"src/semantic/SemanticExpr.cpp:1345","message":"struct literal field init resolved","data":{"struct":"Minutes","field":"val","fieldTypeNull":false,"fieldTypeKind":0,"valueTypeNull":false,"valueTypeKind":0},"timestamp":1776246749716}
{"sessionId":"00e876","runId":"pre-fix","hypothesisId":"H3","location":"src/semantic/SemanticDecl.cpp:610","message":"dispatch top-level declaration","data":{"kind":16},"timestamp":1776246749718}
{"sessionId":"00e876","runId":"pre-fix","hypothesisId":"H12","location":"src/semantic/SemanticStmt.cpp:172","message":"checkBlock statement dispatch","data":{"stmtKind":58,"line":47},"timestamp":1776246749719}
{"sessionId":"00e876","runId":"pre-fix","hypothesisId":"H3","location":"src/semantic/SemanticDecl.cpp:610","message":"dispatch top-level declaration","data":{"kind":16},"timestamp":1776246749720}
{"sessionId":"00e876","runId":"pre-fix","hypothesisId":"H12","location":"src/semantic/SemanticStmt.cpp:172","message":"checkBlock statement dispatch","data":{"stmtKind":52,"line":54},"timestamp":1776246749721}
{"sessionId":"00e876","runId":"pre-fix","hypothesisId":"H12","location":"src/semantic/SemanticStmt.cpp:172","message":"checkBlock statement dispatch","data":{"stmtKind":58,"line":55},"timestamp":1776246749722}
{"sessionId":"00e876","runId":"pre-fix","hypothesisId":"H3","location":"src/semantic/SemanticDecl.cpp:610","message":"dispatch top-level declaration","data":{"kind":16},"timestamp":1776246749722}
{"sessionId":"00e876","runId":"pre-fix","hypothesisId":"H12","location":"src/semantic/SemanticStmt.cpp:172","message":"checkBlock statement dispatch","data":{"stmtKind":52,"line":62},"timestamp":1776246749723}
{"sessionId":"00e876","runId":"pre-fix","hypothesisId":"H12","location":"src/semantic/SemanticStmt.cpp:172","message":"checkBlock statement dispatch","data":{"stmtKind":52,"line":63},"timestamp":1776246749723}
{"sessionId":"00e876","runId":"pre-fix","hypothesisId":"H4","location":"src/semantic/SemanticExpr.cpp:362","message":"enter checkCallExpr","data":{"argCount":1,"calleeKind":35},"timestamp":1776246749724}
{"sessionId":"00e876","runId":"pre-fix","hypothesisId":"H4","location":"src/semantic/SemanticExpr.cpp:362","message":"enter checkCallExpr","data":{"argCount":1,"calleeKind":32},"timestamp":1776246749724}
{"sessionId":"00e876","runId":"pre-fix","hypothesisId":"H4","location":"src/semantic/SemanticExpr.cpp:374","message":"callee type resolved","data":{"calleeTypeNull":false,"calleeTypeKind":9},"timestamp":1776246749725}
{"sessionId":"00e876","runId":"pre-fix","hypothesisId":"H6","location":"src/semantic/SemanticExpr.cpp:396","message":"identifier callee symbol lookup","data":{"name":"myAdd","line":63,"found":true,"kind":0},"timestamp":1776246749726}
{"sessionId":"00e876","runId":"pre-fix","hypothesisId":"H4","location":"src/semantic/SemanticExpr.cpp:374","message":"callee type resolved","data":{"calleeTypeNull":false,"calleeTypeKind":9},"timestamp":1776246749727}
{"sessionId":"00e876","runId":"pre-fix","hypothesisId":"H12","location":"src/semantic/SemanticStmt.cpp:172","message":"checkBlock statement dispatch","data":{"stmtKind":52,"line":67},"timestamp":1776246749727}
{"sessionId":"00e876","runId":"pre-fix","hypothesisId":"H4","location":"src/semantic/SemanticExpr.cpp:362","message":"enter checkCallExpr","data":{"argCount":1,"calleeKind":32},"timestamp":1776246749728}
{"sessionId":"00e876","runId":"pre-fix","hypothesisId":"H4","location":"src/semantic/SemanticExpr.cpp:374","message":"callee type resolved","data":{"calleeTypeNull":false,"calleeTypeKind":9},"timestamp":1776246749728}
{"sessionId":"00e876","runId":"pre-fix","hypothesisId":"H6","location":"src/semantic/SemanticExpr.cpp:396","message":"identifier callee symbol lookup","data":{"name":"core_add","line":67,"found":true,"kind":1},"timestamp":1776246749729}
{"sessionId":"00e876","runId":"pre-fix","hypothesisId":"H7","location":"src/semantic/SemanticExpr.cpp:478","message":"func/method call branch before decl cast","data":{"line":67,"symbolKind":1,"declAstKind":16},"timestamp":1776246749730}
{"sessionId":"00e876","runId":"pre-fix","hypothesisId":"H8","location":"src/semantic/SemanticExpr.cpp:504","message":"func/method branch return type from calleeType","data":{"line":67,"returnTypeNull":false},"timestamp":1776246749730}
{"sessionId":"00e876","runId":"pre-fix","hypothesisId":"H12","location":"src/semantic/SemanticStmt.cpp:172","message":"checkBlock statement dispatch","data":{"stmtKind":52,"line":68},"timestamp":1776246749730}
{"sessionId":"00e876","runId":"pre-fix","hypothesisId":"H4","location":"src/semantic/SemanticExpr.cpp:362","message":"enter checkCallExpr","data":{"argCount":1,"calleeKind":32},"timestamp":1776246749731}
{"sessionId":"00e876","runId":"pre-fix","hypothesisId":"H4","location":"src/semantic/SemanticExpr.cpp:374","message":"callee type resolved","data":{"calleeTypeNull":false,"calleeTypeKind":9},"timestamp":1776246749732}
{"sessionId":"00e876","runId":"pre-fix","hypothesisId":"H6","location":"src/semantic/SemanticExpr.cpp:396","message":"identifier callee symbol lookup","data":{"name":"addFive","line":68,"found":true,"kind":0},"timestamp":1776246749733}
{"sessionId":"00e876","runId":"pre-fix","hypothesisId":"H12","location":"src/semantic/SemanticStmt.cpp:172","message":"checkBlock statement dispatch","data":{"stmtKind":52,"line":71},"timestamp":1776246749733}
{"sessionId":"00e876","runId":"pre-fix","hypothesisId":"H12","location":"src/semantic/SemanticStmt.cpp:172","message":"checkBlock statement dispatch","data":{"stmtKind":58,"line":72},"timestamp":1776246749734}
{"sessionId":"00e876","runId":"pre-fix","hypothesisId":"H11","location":"src/semantic/SemanticExpr.cpp:1201","message":"anon function expression resolved","data":{"paramGroupCount":1,"returnTypeNodeNull":false},"timestamp":1776246749734}
{"sessionId":"00e876","runId":"pre-fix","hypothesisId":"H10","location":"src/semantic/SemanticExpr.cpp:1345","message":"struct literal field init resolved","data":{"struct":"MathOps","field":"add","fieldTypeNull":false,"fieldTypeKind":9,"valueTypeNull":true,"valueTypeKind":-1},"timestamp":1776246749734}
{"sessionId":"00e876","runId":"pre-fix","hypothesisId":"H10","location":"src/semantic/SemanticExpr.cpp:1345","message":"struct literal field init resolved","data":{"struct":"MathOps","field":"transform","fieldTypeNull":false,"fieldTypeKind":9,"valueTypeNull":false,"valueTypeKind":9},"timestamp":1776246749735}
{"sessionId":"00e876","runId":"pre-fix","hypothesisId":"H3","location":"src/semantic/SemanticDecl.cpp:610","message":"dispatch top-level declaration","data":{"kind":10},"timestamp":1776246764653}
{"sessionId":"00e876","runId":"pre-fix","hypothesisId":"H3","location":"src/semantic/SemanticDecl.cpp:610","message":"dispatch top-level declaration","data":{"kind":18},"timestamp":1776246764654}
{"sessionId":"00e876","runId":"pre-fix","hypothesisId":"H1","location":"src/semantic/SemanticDecl.cpp:261","message":"checkStructDecl field iteration","data":{"struct":"MathOps","field":"add","hasDefault":false},"timestamp":1776246764655}
{"sessionId":"00e876","runId":"pre-fix","hypothesisId":"H1","location":"src/semantic/SemanticDecl.cpp:261","message":"checkStructDecl field iteration","data":{"struct":"MathOps","field":"transform","hasDefault":false},"timestamp":1776246764656}
{"sessionId":"00e876","runId":"pre-fix","hypothesisId":"H3","location":"src/semantic/SemanticDecl.cpp:610","message":"dispatch top-level declaration","data":{"kind":18},"timestamp":1776246764658}
{"sessionId":"00e876","runId":"pre-fix","hypothesisId":"H1","location":"src/semantic/SemanticDecl.cpp:261","message":"checkStructDecl field iteration","data":{"struct":"Point","field":"x","hasDefault":true},"timestamp":1776246764659}
{"sessionId":"00e876","runId":"pre-fix","hypothesisId":"H2","location":"src/semantic/SemanticDecl.cpp:279","message":"struct default value checked","data":{"struct":"Point","field":"x","fieldTypeNull":false,"defaultTypeNull":false},"timestamp":1776246764662}
{"sessionId":"00e876","runId":"pre-fix","hypothesisId":"H1","location":"src/semantic/SemanticDecl.cpp:261","message":"checkStructDecl field iteration","data":{"struct":"Point","field":"y","hasDefault":false},"timestamp":1776246764663}
{"sessionId":"00e876","runId":"pre-fix","hypothesisId":"H3","location":"src/semantic/SemanticDecl.cpp:610","message":"dispatch top-level declaration","data":{"kind":13},"timestamp":1776246764665}
{"sessionId":"00e876","runId":"pre-fix","hypothesisId":"H10","location":"src/semantic/SemanticExpr.cpp:1345","message":"struct literal field init resolved","data":{"struct":"Point","field":"y","fieldTypeNull":false,"fieldTypeKind":0,"valueTypeNull":false,"valueTypeKind":0},"timestamp":1776246764666}
{"sessionId":"00e876","runId":"pre-fix","hypothesisId":"H3","location":"src/semantic/SemanticDecl.cpp:610","message":"dispatch top-level declaration","data":{"kind":26},"timestamp":1776246764667}
{"sessionId":"00e876","runId":"pre-fix","hypothesisId":"H12","location":"src/semantic/SemanticStmt.cpp:172","message":"checkBlock statement dispatch","data":{"stmtKind":58,"line":22},"timestamp":1776246764667}
{"sessionId":"00e876","runId":"pre-fix","hypothesisId":"H12","location":"src/semantic/SemanticStmt.cpp:172","message":"checkBlock statement dispatch","data":{"stmtKind":58,"line":29},"timestamp":1776246764668}
{"sessionId":"00e876","runId":"pre-fix","hypothesisId":"H10","location":"src/semantic/SemanticExpr.cpp:1345","message":"struct literal field init resolved","data":{"struct":"Point","field":"x","fieldTypeNull":false,"fieldTypeKind":0,"valueTypeNull":false,"valueTypeKind":0},"timestamp":1776246764669}
{"sessionId":"00e876","runId":"pre-fix","hypothesisId":"H10","location":"src/semantic/SemanticExpr.cpp:1345","message":"struct literal field init resolved","data":{"struct":"Point","field":"y","fieldTypeNull":false,"fieldTypeKind":0,"valueTypeNull":false,"valueTypeKind":0},"timestamp":1776246764671}
{"sessionId":"00e876","runId":"pre-fix","hypothesisId":"H3","location":"src/semantic/SemanticDecl.cpp:610","message":"dispatch top-level declaration","data":{"kind":18},"timestamp":1776246764672}
{"sessionId":"00e876","runId":"pre-fix","hypothesisId":"H1","location":"src/semantic/SemanticDecl.cpp:261","message":"checkStructDecl field iteration","data":{"struct":"Seconds","field":"val","hasDefault":false},"timestamp":1776246764675}
{"sessionId":"00e876","runId":"pre-fix","hypothesisId":"H3","location":"src/semantic/SemanticDecl.cpp:610","message":"dispatch top-level declaration","data":{"kind":18},"timestamp":1776246764677}
{"sessionId":"00e876","runId":"pre-fix","hypothesisId":"H1","location":"src/semantic/SemanticDecl.cpp:261","message":"checkStructDecl field iteration","data":{"struct":"Minutes","field":"val","hasDefault":false},"timestamp":1776246764680}
{"sessionId":"00e876","runId":"pre-fix","hypothesisId":"H3","location":"src/semantic/SemanticDecl.cpp:610","message":"dispatch top-level declaration","data":{"kind":24},"timestamp":1776246764683}
{"sessionId":"00e876","runId":"pre-fix","hypothesisId":"H12","location":"src/semantic/SemanticStmt.cpp:172","message":"checkBlock statement dispatch","data":{"stmtKind":58,"line":40},"timestamp":1776246764684}
{"sessionId":"00e876","runId":"pre-fix","hypothesisId":"H10","location":"src/semantic/SemanticExpr.cpp:1345","message":"struct literal field init resolved","data":{"struct":"Minutes","field":"val","fieldTypeNull":false,"fieldTypeKind":0,"valueTypeNull":false,"valueTypeKind":0},"timestamp":1776246764685}
{"sessionId":"00e876","runId":"pre-fix","hypothesisId":"H3","location":"src/semantic/SemanticDecl.cpp:610","message":"dispatch top-level declaration","data":{"kind":16},"timestamp":1776246764685}
{"sessionId":"00e876","runId":"pre-fix","hypothesisId":"H12","location":"src/semantic/SemanticStmt.cpp:172","message":"checkBlock statement dispatch","data":{"stmtKind":58,"line":47},"timestamp":1776246764686}
{"sessionId":"00e876","runId":"pre-fix","hypothesisId":"H3","location":"src/semantic/SemanticDecl.cpp:610","message":"dispatch top-level declaration","data":{"kind":16},"timestamp":1776246764687}
{"sessionId":"00e876","runId":"pre-fix","hypothesisId":"H12","location":"src/semantic/SemanticStmt.cpp:172","message":"checkBlock statement dispatch","data":{"stmtKind":52,"line":54},"timestamp":1776246764687}
{"sessionId":"00e876","runId":"pre-fix","hypothesisId":"H12","location":"src/semantic/SemanticStmt.cpp:172","message":"checkBlock statement dispatch","data":{"stmtKind":58,"line":55},"timestamp":1776246764689}
{"sessionId":"00e876","runId":"pre-fix","hypothesisId":"H3","location":"src/semantic/SemanticDecl.cpp:610","message":"dispatch top-level declaration","data":{"kind":16},"timestamp":1776246764690}
{"sessionId":"00e876","runId":"pre-fix","hypothesisId":"H12","location":"src/semantic/SemanticStmt.cpp:172","message":"checkBlock statement dispatch","data":{"stmtKind":52,"line":62},"timestamp":1776246764691}
{"sessionId":"00e876","runId":"pre-fix","hypothesisId":"H12","location":"src/semantic/SemanticStmt.cpp:172","message":"checkBlock statement dispatch","data":{"stmtKind":52,"line":63},"timestamp":1776246764692}
{"sessionId":"00e876","runId":"pre-fix","hypothesisId":"H4","location":"src/semantic/SemanticExpr.cpp:362","message":"enter checkCallExpr","data":{"argCount":1,"calleeKind":35},"timestamp":1776246764693}
{"sessionId":"00e876","runId":"pre-fix","hypothesisId":"H4","location":"src/semantic/SemanticExpr.cpp:362","message":"enter checkCallExpr","data":{"argCount":1,"calleeKind":32},"timestamp":1776246764694}
{"sessionId":"00e876","runId":"pre-fix","hypothesisId":"H4","location":"src/semantic/SemanticExpr.cpp:374","message":"callee type resolved","data":{"calleeTypeNull":false,"calleeTypeKind":9},"timestamp":1776246764694}
{"sessionId":"00e876","runId":"pre-fix","hypothesisId":"H6","location":"src/semantic/SemanticExpr.cpp:396","message":"identifier callee symbol lookup","data":{"name":"myAdd","line":63,"found":true,"kind":0},"timestamp":1776246764694}
{"sessionId":"00e876","runId":"pre-fix","hypothesisId":"H4","location":"src/semantic/SemanticExpr.cpp:374","message":"callee type resolved","data":{"calleeTypeNull":false,"calleeTypeKind":9},"timestamp":1776246764695}
{"sessionId":"00e876","runId":"pre-fix","hypothesisId":"H12","location":"src/semantic/SemanticStmt.cpp:172","message":"checkBlock statement dispatch","data":{"stmtKind":52,"line":67},"timestamp":1776246764696}
{"sessionId":"00e876","runId":"pre-fix","hypothesisId":"H4","location":"src/semantic/SemanticExpr.cpp:362","message":"enter checkCallExpr","data":{"argCount":1,"calleeKind":32},"timestamp":1776246764696}
{"sessionId":"00e876","runId":"pre-fix","hypothesisId":"H4","location":"src/semantic/SemanticExpr.cpp:374","message":"callee type resolved","data":{"calleeTypeNull":false,"calleeTypeKind":9},"timestamp":1776246764697}
{"sessionId":"00e876","runId":"pre-fix","hypothesisId":"H6","location":"src/semantic/SemanticExpr.cpp:396","message":"identifier callee symbol lookup","data":{"name":"core_add","line":67,"found":true,"kind":1},"timestamp":1776246764697}
{"sessionId":"00e876","runId":"pre-fix","hypothesisId":"H7","location":"src/semantic/SemanticExpr.cpp:478","message":"func/method call branch before decl cast","data":{"line":67,"symbolKind":1,"declAstKind":16},"timestamp":1776246764698}
{"sessionId":"00e876","runId":"pre-fix","hypothesisId":"H8","location":"src/semantic/SemanticExpr.cpp:504","message":"func/method branch return type from calleeType","data":{"line":67,"returnTypeNull":false},"timestamp":1776246764698}
{"sessionId":"00e876","runId":"pre-fix","hypothesisId":"H12","location":"src/semantic/SemanticStmt.cpp:172","message":"checkBlock statement dispatch","data":{"stmtKind":52,"line":68},"timestamp":1776246764698}
{"sessionId":"00e876","runId":"pre-fix","hypothesisId":"H4","location":"src/semantic/SemanticExpr.cpp:362","message":"enter checkCallExpr","data":{"argCount":1,"calleeKind":32},"timestamp":1776246764698}
{"sessionId":"00e876","runId":"pre-fix","hypothesisId":"H4","location":"src/semantic/SemanticExpr.cpp:374","message":"callee type resolved","data":{"calleeTypeNull":false,"calleeTypeKind":9},"timestamp":1776246764698}
{"sessionId":"00e876","runId":"pre-fix","hypothesisId":"H6","location":"src/semantic/SemanticExpr.cpp:396","message":"identifier callee symbol lookup","data":{"name":"addFive","line":68,"found":true,"kind":0},"timestamp":1776246764699}
{"sessionId":"00e876","runId":"pre-fix","hypothesisId":"H12","location":"src/semantic/SemanticStmt.cpp:172","message":"checkBlock statement dispatch","data":{"stmtKind":52,"line":71},"timestamp":1776246764699}
{"sessionId":"00e876","runId":"pre-fix","hypothesisId":"H12","location":"src/semantic/SemanticStmt.cpp:172","message":"checkBlock statement dispatch","data":{"stmtKind":58,"line":72},"timestamp":1776246764699}
{"sessionId":"00e876","runId":"pre-fix","hypothesisId":"H11","location":"src/semantic/SemanticExpr.cpp:1201","message":"anon function expression resolved","data":{"paramGroupCount":1,"returnTypeNodeNull":false},"timestamp":1776246764699}
{"sessionId":"00e876","runId":"pre-fix","hypothesisId":"H10","location":"src/semantic/SemanticExpr.cpp:1345","message":"struct literal field init resolved","data":{"struct":"MathOps","field":"add","fieldTypeNull":false,"fieldTypeKind":9,"valueTypeNull":true,"valueTypeKind":-1},"timestamp":1776246764700}
{"sessionId":"00e876","runId":"pre-fix","hypothesisId":"H10","location":"src/semantic/SemanticExpr.cpp:1345","message":"struct literal field init resolved","data":{"struct":"MathOps","field":"transform","fieldTypeNull":false,"fieldTypeKind":9,"valueTypeNull":false,"valueTypeKind":9},"timestamp":1776246764700}
{"sessionId":"00e876","runId":"pre-fix","hypothesisId":"H3","location":"src/semantic/SemanticDecl.cpp:610","message":"dispatch top-level declaration","data":{"kind":10},"timestamp":1776247017063}
{"sessionId":"00e876","runId":"pre-fix","hypothesisId":"H3","location":"src/semantic/SemanticDecl.cpp:610","message":"dispatch top-level declaration","data":{"kind":18},"timestamp":1776247017064}
{"sessionId":"00e876","runId":"pre-fix","hypothesisId":"H1","location":"src/semantic/SemanticDecl.cpp:261","message":"checkStructDecl field iteration","data":{"struct":"MathOps","field":"add","hasDefault":false},"timestamp":1776247017065}
{"sessionId":"00e876","runId":"pre-fix","hypothesisId":"H1","location":"src/semantic/SemanticDecl.cpp:261","message":"checkStructDecl field iteration","data":{"struct":"MathOps","field":"transform","hasDefault":false},"timestamp":1776247017066}
{"sessionId":"00e876","runId":"pre-fix","hypothesisId":"H3","location":"src/semantic/SemanticDecl.cpp:610","message":"dispatch top-level declaration","data":{"kind":18},"timestamp":1776247017067}
{"sessionId":"00e876","runId":"pre-fix","hypothesisId":"H1","location":"src/semantic/SemanticDecl.cpp:261","message":"checkStructDecl field iteration","data":{"struct":"Point","field":"x","hasDefault":true},"timestamp":1776247017068}
{"sessionId":"00e876","runId":"pre-fix","hypothesisId":"H2","location":"src/semantic/SemanticDecl.cpp:279","message":"struct default value checked","data":{"struct":"Point","field":"x","fieldTypeNull":false,"defaultTypeNull":false},"timestamp":1776247017070}
{"sessionId":"00e876","runId":"pre-fix","hypothesisId":"H1","location":"src/semantic/SemanticDecl.cpp:261","message":"checkStructDecl field iteration","data":{"struct":"Point","field":"y","hasDefault":false},"timestamp":1776247017071}
{"sessionId":"00e876","runId":"pre-fix","hypothesisId":"H3","location":"src/semantic/SemanticDecl.cpp:610","message":"dispatch top-level declaration","data":{"kind":13},"timestamp":1776247017073}
{"sessionId":"00e876","runId":"pre-fix","hypothesisId":"H10","location":"src/semantic/SemanticExpr.cpp:1345","message":"struct literal field init resolved","data":{"struct":"Point","field":"y","fieldTypeNull":false,"fieldTypeKind":0,"valueTypeNull":false,"valueTypeKind":0},"timestamp":1776247017073}
{"sessionId":"00e876","runId":"pre-fix","hypothesisId":"H3","location":"src/semantic/SemanticDecl.cpp:610","message":"dispatch top-level declaration","data":{"kind":26},"timestamp":1776247017074}
{"sessionId":"00e876","runId":"pre-fix","hypothesisId":"H12","location":"src/semantic/SemanticStmt.cpp:172","message":"checkBlock statement dispatch","data":{"stmtKind":58,"line":22},"timestamp":1776247017074}
{"sessionId":"00e876","runId":"pre-fix","hypothesisId":"H12","location":"src/semantic/SemanticStmt.cpp:172","message":"checkBlock statement dispatch","data":{"stmtKind":58,"line":29},"timestamp":1776247017075}
{"sessionId":"00e876","runId":"pre-fix","hypothesisId":"H10","location":"src/semantic/SemanticExpr.cpp:1345","message":"struct literal field init resolved","data":{"struct":"Point","field":"x","fieldTypeNull":false,"fieldTypeKind":0,"valueTypeNull":false,"valueTypeKind":0},"timestamp":1776247017075}
{"sessionId":"00e876","runId":"pre-fix","hypothesisId":"H10","location":"src/semantic/SemanticExpr.cpp:1345","message":"struct literal field init resolved","data":{"struct":"Point","field":"y","fieldTypeNull":false,"fieldTypeKind":0,"valueTypeNull":false,"valueTypeKind":0},"timestamp":1776247017075}
{"sessionId":"00e876","runId":"pre-fix","hypothesisId":"H3","location":"src/semantic/SemanticDecl.cpp:610","message":"dispatch top-level declaration","data":{"kind":18},"timestamp":1776247017076}
{"sessionId":"00e876","runId":"pre-fix","hypothesisId":"H1","location":"src/semantic/SemanticDecl.cpp:261","message":"checkStructDecl field iteration","data":{"struct":"Seconds","field":"val","hasDefault":false},"timestamp":1776247017077}
{"sessionId":"00e876","runId":"pre-fix","hypothesisId":"H3","location":"src/semantic/SemanticDecl.cpp:610","message":"dispatch top-level declaration","data":{"kind":18},"timestamp":1776247017079}
{"sessionId":"00e876","runId":"pre-fix","hypothesisId":"H1","location":"src/semantic/SemanticDecl.cpp:261","message":"checkStructDecl field iteration","data":{"struct":"Minutes","field":"val","hasDefault":false},"timestamp":1776247017080}
{"sessionId":"00e876","runId":"pre-fix","hypothesisId":"H3","location":"src/semantic/SemanticDecl.cpp:610","message":"dispatch top-level declaration","data":{"kind":24},"timestamp":1776247017082}
{"sessionId":"00e876","runId":"pre-fix","hypothesisId":"H12","location":"src/semantic/SemanticStmt.cpp:172","message":"checkBlock statement dispatch","data":{"stmtKind":58,"line":40},"timestamp":1776247017082}
{"sessionId":"00e876","runId":"pre-fix","hypothesisId":"H10","location":"src/semantic/SemanticExpr.cpp:1345","message":"struct literal field init resolved","data":{"struct":"Minutes","field":"val","fieldTypeNull":false,"fieldTypeKind":0,"valueTypeNull":false,"valueTypeKind":0},"timestamp":1776247017083}
{"sessionId":"00e876","runId":"pre-fix","hypothesisId":"H3","location":"src/semantic/SemanticDecl.cpp:610","message":"dispatch top-level declaration","data":{"kind":16},"timestamp":1776247017084}
{"sessionId":"00e876","runId":"pre-fix","hypothesisId":"H12","location":"src/semantic/SemanticStmt.cpp:172","message":"checkBlock statement dispatch","data":{"stmtKind":58,"line":47},"timestamp":1776247017085}
{"sessionId":"00e876","runId":"pre-fix","hypothesisId":"H3","location":"src/semantic/SemanticDecl.cpp:610","message":"dispatch top-level declaration","data":{"kind":16},"timestamp":1776247017086}
{"sessionId":"00e876","runId":"pre-fix","hypothesisId":"H12","location":"src/semantic/SemanticStmt.cpp:172","message":"checkBlock statement dispatch","data":{"stmtKind":52,"line":54},"timestamp":1776247017087}
{"sessionId":"00e876","runId":"pre-fix","hypothesisId":"H12","location":"src/semantic/SemanticStmt.cpp:172","message":"checkBlock statement dispatch","data":{"stmtKind":58,"line":55},"timestamp":1776247017088}
{"sessionId":"00e876","runId":"pre-fix","hypothesisId":"H3","location":"src/semantic/SemanticDecl.cpp:610","message":"dispatch top-level declaration","data":{"kind":16},"timestamp":1776247017088}
{"sessionId":"00e876","runId":"pre-fix","hypothesisId":"H12","location":"src/semantic/SemanticStmt.cpp:172","message":"checkBlock statement dispatch","data":{"stmtKind":52,"line":62},"timestamp":1776247017089}
{"sessionId":"00e876","runId":"pre-fix","hypothesisId":"H12","location":"src/semantic/SemanticStmt.cpp:172","message":"checkBlock statement dispatch","data":{"stmtKind":52,"line":63},"timestamp":1776247017089}
{"sessionId":"00e876","runId":"pre-fix","hypothesisId":"H4","location":"src/semantic/SemanticExpr.cpp:362","message":"enter checkCallExpr","data":{"argCount":1,"calleeKind":35},"timestamp":1776247017090}
{"sessionId":"00e876","runId":"pre-fix","hypothesisId":"H4","location":"src/semantic/SemanticExpr.cpp:362","message":"enter checkCallExpr","data":{"argCount":1,"calleeKind":32},"timestamp":1776247017090}
{"sessionId":"00e876","runId":"pre-fix","hypothesisId":"H4","location":"src/semantic/SemanticExpr.cpp:374","message":"callee type resolved","data":{"calleeTypeNull":false,"calleeTypeKind":9},"timestamp":1776247017091}
{"sessionId":"00e876","runId":"pre-fix","hypothesisId":"H6","location":"src/semantic/SemanticExpr.cpp:396","message":"identifier callee symbol lookup","data":{"name":"myAdd","line":63,"found":true,"kind":0},"timestamp":1776247017092}
{"sessionId":"00e876","runId":"pre-fix","hypothesisId":"H4","location":"src/semantic/SemanticExpr.cpp:374","message":"callee type resolved","data":{"calleeTypeNull":false,"calleeTypeKind":9},"timestamp":1776247017093}
{"sessionId":"00e876","runId":"pre-fix","hypothesisId":"H12","location":"src/semantic/SemanticStmt.cpp:172","message":"checkBlock statement dispatch","data":{"stmtKind":52,"line":67},"timestamp":1776247017094}
{"sessionId":"00e876","runId":"pre-fix","hypothesisId":"H4","location":"src/semantic/SemanticExpr.cpp:362","message":"enter checkCallExpr","data":{"argCount":1,"calleeKind":32},"timestamp":1776247017095}
{"sessionId":"00e876","runId":"pre-fix","hypothesisId":"H4","location":"src/semantic/SemanticExpr.cpp:374","message":"callee type resolved","data":{"calleeTypeNull":false,"calleeTypeKind":9},"timestamp":1776247017096}
{"sessionId":"00e876","runId":"pre-fix","hypothesisId":"H6","location":"src/semantic/SemanticExpr.cpp:396","message":"identifier callee symbol lookup","data":{"name":"core_add","line":67,"found":true,"kind":1},"timestamp":1776247017096}
{"sessionId":"00e876","runId":"pre-fix","hypothesisId":"H7","location":"src/semantic/SemanticExpr.cpp:478","message":"func/method call branch before decl cast","data":{"line":67,"symbolKind":1,"declAstKind":16},"timestamp":1776247017097}
{"sessionId":"00e876","runId":"pre-fix","hypothesisId":"H8","location":"src/semantic/SemanticExpr.cpp:504","message":"func/method branch return type from calleeType","data":{"line":67,"returnTypeNull":false},"timestamp":1776247017097}
{"sessionId":"00e876","runId":"pre-fix","hypothesisId":"H12","location":"src/semantic/SemanticStmt.cpp:172","message":"checkBlock statement dispatch","data":{"stmtKind":52,"line":68},"timestamp":1776247017097}
{"sessionId":"00e876","runId":"pre-fix","hypothesisId":"H4","location":"src/semantic/SemanticExpr.cpp:362","message":"enter checkCallExpr","data":{"argCount":1,"calleeKind":32},"timestamp":1776247017098}
{"sessionId":"00e876","runId":"pre-fix","hypothesisId":"H4","location":"src/semantic/SemanticExpr.cpp:374","message":"callee type resolved","data":{"calleeTypeNull":false,"calleeTypeKind":9},"timestamp":1776247017098}
{"sessionId":"00e876","runId":"pre-fix","hypothesisId":"H6","location":"src/semantic/SemanticExpr.cpp:396","message":"identifier callee symbol lookup","data":{"name":"addFive","line":68,"found":true,"kind":0},"timestamp":1776247017098}
{"sessionId":"00e876","runId":"pre-fix","hypothesisId":"H12","location":"src/semantic/SemanticStmt.cpp:172","message":"checkBlock statement dispatch","data":{"stmtKind":52,"line":71},"timestamp":1776247017099}
{"sessionId":"00e876","runId":"pre-fix","hypothesisId":"H12","location":"src/semantic/SemanticStmt.cpp:172","message":"checkBlock statement dispatch","data":{"stmtKind":58,"line":72},"timestamp":1776247017100}
{"sessionId":"00e876","runId":"pre-fix","hypothesisId":"H11","location":"src/semantic/SemanticExpr.cpp:1201","message":"anon function expression resolved","data":{"paramGroupCount":1,"returnTypeNodeNull":false},"timestamp":1776247017101}
{"sessionId":"00e876","runId":"pre-fix","hypothesisId":"H10","location":"src/semantic/SemanticExpr.cpp:1345","message":"struct literal field init resolved","data":{"struct":"MathOps","field":"add","fieldTypeNull":false,"fieldTypeKind":9,"valueTypeNull":true,"valueTypeKind":-1},"timestamp":1776247017101}
{"sessionId":"00e876","runId":"pre-fix","hypothesisId":"H10","location":"src/semantic/SemanticExpr.cpp:1345","message":"struct literal field init resolved","data":{"struct":"MathOps","field":"transform","fieldTypeNull":false,"fieldTypeKind":9,"valueTypeNull":false,"valueTypeKind":9},"timestamp":1776247017101}
{"sessionId":"00e876","runId":"pre-fix","hypothesisId":"H12","location":"src/semantic/SemanticStmt.cpp:172","message":"checkBlock statement dispatch","data":{"stmtKind":58,"line":22},"timestamp":1776247259647}
{"sessionId":"00e876","runId":"pre-fix","hypothesisId":"H12","location":"src/semantic/SemanticStmt.cpp:172","message":"checkBlock statement dispatch","data":{"stmtKind":58,"line":29},"timestamp":1776247259648}
{"sessionId":"00e876","runId":"pre-fix","hypothesisId":"H12","location":"src/semantic/SemanticStmt.cpp:172","message":"checkBlock statement dispatch","data":{"stmtKind":58,"line":40},"timestamp":1776247259654}
{"sessionId":"00e876","runId":"pre-fix","hypothesisId":"H12","location":"src/semantic/SemanticStmt.cpp:172","message":"checkBlock statement dispatch","data":{"stmtKind":58,"line":47},"timestamp":1776247259654}
{"sessionId":"00e876","runId":"pre-fix","hypothesisId":"H12","location":"src/semantic/SemanticStmt.cpp:172","message":"checkBlock statement dispatch","data":{"stmtKind":52,"line":54},"timestamp":1776247259655}
{"sessionId":"00e876","runId":"pre-fix","hypothesisId":"H12","location":"src/semantic/SemanticStmt.cpp:172","message":"checkBlock statement dispatch","data":{"stmtKind":58,"line":55},"timestamp":1776247259655}
{"sessionId":"00e876","runId":"pre-fix","hypothesisId":"H12","location":"src/semantic/SemanticStmt.cpp:172","message":"checkBlock statement dispatch","data":{"stmtKind":52,"line":62},"timestamp":1776247259656}
{"sessionId":"00e876","runId":"pre-fix","hypothesisId":"H12","location":"src/semantic/SemanticStmt.cpp:172","message":"checkBlock statement dispatch","data":{"stmtKind":52,"line":63},"timestamp":1776247259658}
{"sessionId":"00e876","runId":"pre-fix","hypothesisId":"H12","location":"src/semantic/SemanticStmt.cpp:172","message":"checkBlock statement dispatch","data":{"stmtKind":52,"line":67},"timestamp":1776247259659}
{"sessionId":"00e876","runId":"pre-fix","hypothesisId":"H12","location":"src/semantic/SemanticStmt.cpp:172","message":"checkBlock statement dispatch","data":{"stmtKind":52,"line":68},"timestamp":1776247259660}
{"sessionId":"00e876","runId":"pre-fix","hypothesisId":"H12","location":"src/semantic/SemanticStmt.cpp:172","message":"checkBlock statement dispatch","data":{"stmtKind":52,"line":71},"timestamp":1776247259660}
{"sessionId":"00e876","runId":"pre-fix","hypothesisId":"H12","location":"src/semantic/SemanticStmt.cpp:172","message":"checkBlock statement dispatch","data":{"stmtKind":58,"line":72},"timestamp":1776247259660}
{"sessionId":"00e876","runId":"pre-fix","hypothesisId":"H12","location":"src/semantic/SemanticStmt.cpp:172","message":"checkBlock statement dispatch","data":{"stmtKind":52,"line":75},"timestamp":1776247259661}
{"sessionId":"00e876","runId":"pre-fix","hypothesisId":"H12","location":"src/semantic/SemanticStmt.cpp:172","message":"checkBlock statement dispatch","data":{"stmtKind":52,"line":76},"timestamp":1776247259661}
{"sessionId":"00e876","runId":"pre-fix","hypothesisId":"H12","location":"src/semantic/SemanticStmt.cpp:172","message":"checkBlock statement dispatch","data":{"stmtKind":52,"line":80},"timestamp":1776247259662}
{"sessionId":"00e876","runId":"pre-fix","hypothesisId":"H12","location":"src/semantic/SemanticStmt.cpp:172","message":"checkBlock statement dispatch","data":{"stmtKind":52,"line":86},"timestamp":1776247259663}
{"sessionId":"00e876","runId":"pre-fix","hypothesisId":"H12","location":"src/semantic/SemanticStmt.cpp:172","message":"checkBlock statement dispatch","data":{"stmtKind":52,"line":89},"timestamp":1776247259664}
{"sessionId":"00e876","runId":"pre-fix","hypothesisId":"H12","location":"src/semantic/SemanticStmt.cpp:172","message":"checkBlock statement dispatch","data":{"stmtKind":52,"line":90},"timestamp":1776247259664}
{"sessionId":"00e876","runId":"pre-fix","hypothesisId":"H12","location":"src/semantic/SemanticStmt.cpp:172","message":"checkBlock statement dispatch","data":{"stmtKind":52,"line":93},"timestamp":1776247259665}
{"sessionId":"00e876","runId":"pre-fix","hypothesisId":"H12","location":"src/semantic/SemanticStmt.cpp:172","message":"checkBlock statement dispatch","data":{"stmtKind":52,"line":94},"timestamp":1776247259666}
{"sessionId":"00e876","runId":"pre-fix","hypothesisId":"H12","location":"src/semantic/SemanticStmt.cpp:172","message":"checkBlock statement dispatch","data":{"stmtKind":52,"line":95},"timestamp":1776247259667}
{"sessionId":"00e876","runId":"pre-fix","hypothesisId":"H12","location":"src/semantic/SemanticStmt.cpp:172","message":"checkBlock statement dispatch","data":{"stmtKind":52,"line":98},"timestamp":1776247259668}
{"sessionId":"00e876","runId":"pre-fix","hypothesisId":"H12","location":"src/semantic/SemanticStmt.cpp:172","message":"checkBlock statement dispatch","data":{"stmtKind":58,"line":99},"timestamp":1776247259668}
{"sessionId":"00e876","runId":"pre-fix","hypothesisId":"H9","location":"src/semantic/SemanticStmt.cpp:183","message":"local function symbol declared in statement scope","data":{"name":"anonAsync","line":98,"symTypeKind":9,"signatureKind":9},"timestamp":1776247259668}
{"sessionId":"00e876","runId":"pre-fix","hypothesisId":"H12","location":"src/semantic/SemanticStmt.cpp:172","message":"checkBlock statement dispatch","data":{"stmtKind":52,"line":103},"timestamp":1776247259669}
{"sessionId":"00e876","runId":"pre-fix","hypothesisId":"H12","location":"src/semantic/SemanticStmt.cpp:172","message":"checkBlock statement dispatch","data":{"stmtKind":52,"line":104},"timestamp":1776247259669}
{"sessionId":"00e876","runId":"pre-fix","hypothesisId":"H12","location":"src/semantic/SemanticStmt.cpp:172","message":"checkBlock statement dispatch","data":{"stmtKind":52,"line":108},"timestamp":1776247259671}
{"sessionId":"00e876","runId":"pre-fix","hypothesisId":"H12","location":"src/semantic/SemanticStmt.cpp:172","message":"checkBlock statement dispatch","data":{"stmtKind":58,"line":109},"timestamp":1776247259672}
{"sessionId":"00e876","runId":"pre-fix","hypothesisId":"H9","location":"src/semantic/SemanticStmt.cpp:183","message":"local function symbol declared in statement scope","data":{"name":"f1","line":108,"symTypeKind":9,"signatureKind":9},"timestamp":1776247259672}
{"sessionId":"00e876","runId":"pre-fix","hypothesisId":"H12","location":"src/semantic/SemanticStmt.cpp:172","message":"checkBlock statement dispatch","data":{"stmtKind":52,"line":113},"timestamp":1776247259673}
{"sessionId":"00e876","runId":"pre-fix","hypothesisId":"H12","location":"src/semantic/SemanticStmt.cpp:172","message":"checkBlock statement dispatch","data":{"stmtKind":58,"line":114},"timestamp":1776247259673}
{"sessionId":"00e876","runId":"pre-fix","hypothesisId":"H9","location":"src/semantic/SemanticStmt.cpp:183","message":"local function symbol declared in statement scope","data":{"name":"f2","line":113,"symTypeKind":9,"signatureKind":9},"timestamp":1776247259674}
{"sessionId":"00e876","runId":"pre-fix","hypothesisId":"H12","location":"src/semantic/SemanticStmt.cpp:172","message":"checkBlock statement dispatch","data":{"stmtKind":52,"line":119},"timestamp":1776247259674}
{"sessionId":"00e876","runId":"pre-fix","hypothesisId":"H12","location":"src/semantic/SemanticStmt.cpp:172","message":"checkBlock statement dispatch","data":{"stmtKind":58,"line":121},"timestamp":1776247259674}
{"sessionId":"00e876","runId":"pre-fix","hypothesisId":"H12","location":"src/semantic/SemanticStmt.cpp:172","message":"checkBlock statement dispatch","data":{"stmtKind":58,"line":22},"timestamp":1776247387306}
{"sessionId":"00e876","runId":"pre-fix","hypothesisId":"H12","location":"src/semantic/SemanticStmt.cpp:172","message":"checkBlock statement dispatch","data":{"stmtKind":58,"line":29},"timestamp":1776247387306}
{"sessionId":"00e876","runId":"pre-fix","hypothesisId":"H12","location":"src/semantic/SemanticStmt.cpp:172","message":"checkBlock statement dispatch","data":{"stmtKind":58,"line":40},"timestamp":1776247387311}
{"sessionId":"00e876","runId":"pre-fix","hypothesisId":"H12","location":"src/semantic/SemanticStmt.cpp:172","message":"checkBlock statement dispatch","data":{"stmtKind":58,"line":47},"timestamp":1776247387312}
{"sessionId":"00e876","runId":"pre-fix","hypothesisId":"H12","location":"src/semantic/SemanticStmt.cpp:172","message":"checkBlock statement dispatch","data":{"stmtKind":52,"line":54},"timestamp":1776247387313}
{"sessionId":"00e876","runId":"pre-fix","hypothesisId":"H12","location":"src/semantic/SemanticStmt.cpp:172","message":"checkBlock statement dispatch","data":{"stmtKind":58,"line":55},"timestamp":1776247387314}
{"sessionId":"00e876","runId":"pre-fix","hypothesisId":"H12","location":"src/semantic/SemanticStmt.cpp:172","message":"checkBlock statement dispatch","data":{"stmtKind":52,"line":62},"timestamp":1776247387316}
{"sessionId":"00e876","runId":"pre-fix","hypothesisId":"H12","location":"src/semantic/SemanticStmt.cpp:172","message":"checkBlock statement dispatch","data":{"stmtKind":52,"line":63},"timestamp":1776247387316}
{"sessionId":"00e876","runId":"pre-fix","hypothesisId":"H12","location":"src/semantic/SemanticStmt.cpp:172","message":"checkBlock statement dispatch","data":{"stmtKind":52,"line":67},"timestamp":1776247387318}
{"sessionId":"00e876","runId":"pre-fix","hypothesisId":"H12","location":"src/semantic/SemanticStmt.cpp:172","message":"checkBlock statement dispatch","data":{"stmtKind":52,"line":68},"timestamp":1776247387318}
{"sessionId":"00e876","runId":"pre-fix","hypothesisId":"H12","location":"src/semantic/SemanticStmt.cpp:172","message":"checkBlock statement dispatch","data":{"stmtKind":52,"line":71},"timestamp":1776247387319}
{"sessionId":"00e876","runId":"pre-fix","hypothesisId":"H12","location":"src/semantic/SemanticStmt.cpp:172","message":"checkBlock statement dispatch","data":{"stmtKind":58,"line":72},"timestamp":1776247387319}
{"sessionId":"00e876","runId":"pre-fix","hypothesisId":"H12","location":"src/semantic/SemanticStmt.cpp:172","message":"checkBlock statement dispatch","data":{"stmtKind":52,"line":75},"timestamp":1776247387320}
{"sessionId":"00e876","runId":"pre-fix","hypothesisId":"H12","location":"src/semantic/SemanticStmt.cpp:172","message":"checkBlock statement dispatch","data":{"stmtKind":52,"line":76},"timestamp":1776247387320}
{"sessionId":"00e876","runId":"pre-fix","hypothesisId":"H12","location":"src/semantic/SemanticStmt.cpp:172","message":"checkBlock statement dispatch","data":{"stmtKind":52,"line":80},"timestamp":1776247387320}
{"sessionId":"00e876","runId":"pre-fix","hypothesisId":"H12","location":"src/semantic/SemanticStmt.cpp:172","message":"checkBlock statement dispatch","data":{"stmtKind":52,"line":86},"timestamp":1776247387322}
{"sessionId":"00e876","runId":"pre-fix","hypothesisId":"H12","location":"src/semantic/SemanticStmt.cpp:172","message":"checkBlock statement dispatch","data":{"stmtKind":52,"line":89},"timestamp":1776247387322}
{"sessionId":"00e876","runId":"pre-fix","hypothesisId":"H12","location":"src/semantic/SemanticStmt.cpp:172","message":"checkBlock statement dispatch","data":{"stmtKind":52,"line":90},"timestamp":1776247387323}
{"sessionId":"00e876","runId":"pre-fix","hypothesisId":"H12","location":"src/semantic/SemanticStmt.cpp:172","message":"checkBlock statement dispatch","data":{"stmtKind":52,"line":93},"timestamp":1776247387323}
{"sessionId":"00e876","runId":"pre-fix","hypothesisId":"H12","location":"src/semantic/SemanticStmt.cpp:172","message":"checkBlock statement dispatch","data":{"stmtKind":52,"line":94},"timestamp":1776247387324}
{"sessionId":"00e876","runId":"pre-fix","hypothesisId":"H12","location":"src/semantic/SemanticStmt.cpp:172","message":"checkBlock statement dispatch","data":{"stmtKind":52,"line":95},"timestamp":1776247387324}
{"sessionId":"00e876","runId":"pre-fix","hypothesisId":"H12","location":"src/semantic/SemanticStmt.cpp:172","message":"checkBlock statement dispatch","data":{"stmtKind":52,"line":98},"timestamp":1776247387325}
{"sessionId":"00e876","runId":"pre-fix","hypothesisId":"H12","location":"src/semantic/SemanticStmt.cpp:172","message":"checkBlock statement dispatch","data":{"stmtKind":58,"line":99},"timestamp":1776247387325}
{"sessionId":"00e876","runId":"pre-fix","hypothesisId":"H9","location":"src/semantic/SemanticStmt.cpp:183","message":"local function symbol declared in statement scope","data":{"name":"anonAsync","line":98,"symTypeKind":9,"signatureKind":9},"timestamp":1776247387325}
{"sessionId":"00e876","runId":"pre-fix","hypothesisId":"H12","location":"src/semantic/SemanticStmt.cpp:172","message":"checkBlock statement dispatch","data":{"stmtKind":52,"line":103},"timestamp":1776247387325}
{"sessionId":"00e876","runId":"pre-fix","hypothesisId":"H12","location":"src/semantic/SemanticStmt.cpp:172","message":"checkBlock statement dispatch","data":{"stmtKind":52,"line":104},"timestamp":1776247387326}
{"sessionId":"00e876","runId":"pre-fix","hypothesisId":"H12","location":"src/semantic/SemanticStmt.cpp:172","message":"checkBlock statement dispatch","data":{"stmtKind":52,"line":108},"timestamp":1776247387327}
{"sessionId":"00e876","runId":"pre-fix","hypothesisId":"H12","location":"src/semantic/SemanticStmt.cpp:172","message":"checkBlock statement dispatch","data":{"stmtKind":58,"line":109},"timestamp":1776247387327}
{"sessionId":"00e876","runId":"pre-fix","hypothesisId":"H9","location":"src/semantic/SemanticStmt.cpp:183","message":"local function symbol declared in statement scope","data":{"name":"f1","line":108,"symTypeKind":9,"signatureKind":9},"timestamp":1776247387328}
{"sessionId":"00e876","runId":"pre-fix","hypothesisId":"H12","location":"src/semantic/SemanticStmt.cpp:172","message":"checkBlock statement dispatch","data":{"stmtKind":52,"line":113},"timestamp":1776247387329}
{"sessionId":"00e876","runId":"pre-fix","hypothesisId":"H12","location":"src/semantic/SemanticStmt.cpp:172","message":"checkBlock statement dispatch","data":{"stmtKind":58,"line":114},"timestamp":1776247387330}
{"sessionId":"00e876","runId":"pre-fix","hypothesisId":"H9","location":"src/semantic/SemanticStmt.cpp:183","message":"local function symbol declared in statement scope","data":{"name":"f2","line":113,"symTypeKind":9,"signatureKind":9},"timestamp":1776247387330}
{"sessionId":"00e876","runId":"pre-fix","hypothesisId":"H12","location":"src/semantic/SemanticStmt.cpp:172","message":"checkBlock statement dispatch","data":{"stmtKind":52,"line":119},"timestamp":1776247387331}
{"sessionId":"00e876","runId":"pre-fix","hypothesisId":"H12","location":"src/semantic/SemanticStmt.cpp:172","message":"checkBlock statement dispatch","data":{"stmtKind":58,"line":121},"timestamp":1776247387331}
{"sessionId":"00e876","runId":"pre-fix","hypothesisId":"H12","location":"src/semantic/SemanticStmt.cpp:172","message":"checkBlock statement dispatch","data":{"stmtKind":58,"line":22},"timestamp":1776248263755}
{"sessionId":"00e876","runId":"pre-fix","hypothesisId":"H12","location":"src/semantic/SemanticStmt.cpp:172","message":"checkBlock statement dispatch","data":{"stmtKind":58,"line":29},"timestamp":1776248263756}
{"sessionId":"00e876","runId":"pre-fix","hypothesisId":"H12","location":"src/semantic/SemanticStmt.cpp:172","message":"checkBlock statement dispatch","data":{"stmtKind":58,"line":40},"timestamp":1776248263761}
{"sessionId":"00e876","runId":"pre-fix","hypothesisId":"H12","location":"src/semantic/SemanticStmt.cpp:172","message":"checkBlock statement dispatch","data":{"stmtKind":58,"line":47},"timestamp":1776248263762}
{"sessionId":"00e876","runId":"pre-fix","hypothesisId":"H12","location":"src/semantic/SemanticStmt.cpp:172","message":"checkBlock statement dispatch","data":{"stmtKind":52,"line":54},"timestamp":1776248263763}
{"sessionId":"00e876","runId":"pre-fix","hypothesisId":"H12","location":"src/semantic/SemanticStmt.cpp:172","message":"checkBlock statement dispatch","data":{"stmtKind":58,"line":55},"timestamp":1776248263764}
{"sessionId":"00e876","runId":"pre-fix","hypothesisId":"H12","location":"src/semantic/SemanticStmt.cpp:172","message":"checkBlock statement dispatch","data":{"stmtKind":52,"line":62},"timestamp":1776248263764}
{"sessionId":"00e876","runId":"pre-fix","hypothesisId":"H12","location":"src/semantic/SemanticStmt.cpp:172","message":"checkBlock statement dispatch","data":{"stmtKind":52,"line":63},"timestamp":1776248263764}
{"sessionId":"00e876","runId":"pre-fix","hypothesisId":"H12","location":"src/semantic/SemanticStmt.cpp:172","message":"checkBlock statement dispatch","data":{"stmtKind":52,"line":67},"timestamp":1776248263764}
{"sessionId":"00e876","runId":"pre-fix","hypothesisId":"H12","location":"src/semantic/SemanticStmt.cpp:172","message":"checkBlock statement dispatch","data":{"stmtKind":52,"line":68},"timestamp":1776248263765}
{"sessionId":"00e876","runId":"pre-fix","hypothesisId":"H12","location":"src/semantic/SemanticStmt.cpp:172","message":"checkBlock statement dispatch","data":{"stmtKind":52,"line":71},"timestamp":1776248263766}
{"sessionId":"00e876","runId":"pre-fix","hypothesisId":"H12","location":"src/semantic/SemanticStmt.cpp:172","message":"checkBlock statement dispatch","data":{"stmtKind":58,"line":72},"timestamp":1776248263767}
{"sessionId":"00e876","runId":"pre-fix","hypothesisId":"H12","location":"src/semantic/SemanticStmt.cpp:172","message":"checkBlock statement dispatch","data":{"stmtKind":52,"line":75},"timestamp":1776248263767}
{"sessionId":"00e876","runId":"pre-fix","hypothesisId":"H12","location":"src/semantic/SemanticStmt.cpp:172","message":"checkBlock statement dispatch","data":{"stmtKind":52,"line":76},"timestamp":1776248263768}
{"sessionId":"00e876","runId":"pre-fix","hypothesisId":"H12","location":"src/semantic/SemanticStmt.cpp:172","message":"checkBlock statement dispatch","data":{"stmtKind":52,"line":80},"timestamp":1776248263768}
{"sessionId":"00e876","runId":"pre-fix","hypothesisId":"H12","location":"src/semantic/SemanticStmt.cpp:172","message":"checkBlock statement dispatch","data":{"stmtKind":52,"line":86},"timestamp":1776248263769}
{"sessionId":"00e876","runId":"pre-fix","hypothesisId":"H12","location":"src/semantic/SemanticStmt.cpp:172","message":"checkBlock statement dispatch","data":{"stmtKind":52,"line":89},"timestamp":1776248263769}
{"sessionId":"00e876","runId":"pre-fix","hypothesisId":"H12","location":"src/semantic/SemanticStmt.cpp:172","message":"checkBlock statement dispatch","data":{"stmtKind":52,"line":90},"timestamp":1776248263770}
{"sessionId":"00e876","runId":"pre-fix","hypothesisId":"H12","location":"src/semantic/SemanticStmt.cpp:172","message":"checkBlock statement dispatch","data":{"stmtKind":52,"line":93},"timestamp":1776248263770}
{"sessionId":"00e876","runId":"pre-fix","hypothesisId":"H12","location":"src/semantic/SemanticStmt.cpp:172","message":"checkBlock statement dispatch","data":{"stmtKind":52,"line":94},"timestamp":1776248263771}
{"sessionId":"00e876","runId":"pre-fix","hypothesisId":"H12","location":"src/semantic/SemanticStmt.cpp:172","message":"checkBlock statement dispatch","data":{"stmtKind":52,"line":95},"timestamp":1776248263772}
{"sessionId":"00e876","runId":"pre-fix","hypothesisId":"H12","location":"src/semantic/SemanticStmt.cpp:172","message":"checkBlock statement dispatch","data":{"stmtKind":52,"line":98},"timestamp":1776248263773}
{"sessionId":"00e876","runId":"pre-fix","hypothesisId":"H12","location":"src/semantic/SemanticStmt.cpp:172","message":"checkBlock statement dispatch","data":{"stmtKind":58,"line":99},"timestamp":1776248263773}
{"sessionId":"00e876","runId":"pre-fix","hypothesisId":"H9","location":"src/semantic/SemanticStmt.cpp:183","message":"local function symbol declared in statement scope","data":{"name":"anonAsync","line":98,"symTypeKind":9,"signatureKind":9},"timestamp":1776248263774}
{"sessionId":"00e876","runId":"pre-fix","hypothesisId":"H12","location":"src/semantic/SemanticStmt.cpp:172","message":"checkBlock statement dispatch","data":{"stmtKind":52,"line":103},"timestamp":1776248263774}
{"sessionId":"00e876","runId":"pre-fix","hypothesisId":"H12","location":"src/semantic/SemanticStmt.cpp:172","message":"checkBlock statement dispatch","data":{"stmtKind":52,"line":104},"timestamp":1776248263775}
{"sessionId":"00e876","runId":"pre-fix","hypothesisId":"H12","location":"src/semantic/SemanticStmt.cpp:172","message":"checkBlock statement dispatch","data":{"stmtKind":52,"line":108},"timestamp":1776248263776}
{"sessionId":"00e876","runId":"pre-fix","hypothesisId":"H12","location":"src/semantic/SemanticStmt.cpp:172","message":"checkBlock statement dispatch","data":{"stmtKind":58,"line":109},"timestamp":1776248263777}
{"sessionId":"00e876","runId":"pre-fix","hypothesisId":"H9","location":"src/semantic/SemanticStmt.cpp:183","message":"local function symbol declared in statement scope","data":{"name":"f1","line":108,"symTypeKind":9,"signatureKind":9},"timestamp":1776248263777}
{"sessionId":"00e876","runId":"pre-fix","hypothesisId":"H12","location":"src/semantic/SemanticStmt.cpp:172","message":"checkBlock statement dispatch","data":{"stmtKind":52,"line":113},"timestamp":1776248263778}
{"sessionId":"00e876","runId":"pre-fix","hypothesisId":"H12","location":"src/semantic/SemanticStmt.cpp:172","message":"checkBlock statement dispatch","data":{"stmtKind":58,"line":114},"timestamp":1776248263779}
{"sessionId":"00e876","runId":"pre-fix","hypothesisId":"H9","location":"src/semantic/SemanticStmt.cpp:183","message":"local function symbol declared in statement scope","data":{"name":"f2","line":113,"symTypeKind":9,"signatureKind":9},"timestamp":1776248263779}
{"sessionId":"00e876","runId":"pre-fix","hypothesisId":"H12","location":"src/semantic/SemanticStmt.cpp:172","message":"checkBlock statement dispatch","data":{"stmtKind":52,"line":119},"timestamp":1776248263780}
{"sessionId":"00e876","runId":"pre-fix","hypothesisId":"H12","location":"src/semantic/SemanticStmt.cpp:172","message":"checkBlock statement dispatch","data":{"stmtKind":58,"line":121},"timestamp":1776248263780}
{"sessionId":"00e876","runId":"pre-fix","hypothesisId":"H12","location":"src/semantic/SemanticStmt.cpp:172","message":"checkBlock statement dispatch","data":{"stmtKind":58,"line":22},"timestamp":1776248347108}
{"sessionId":"00e876","runId":"pre-fix","hypothesisId":"H12","location":"src/semantic/SemanticStmt.cpp:172","message":"checkBlock statement dispatch","data":{"stmtKind":58,"line":29},"timestamp":1776248347109}
{"sessionId":"00e876","runId":"pre-fix","hypothesisId":"H12","location":"src/semantic/SemanticStmt.cpp:172","message":"checkBlock statement dispatch","data":{"stmtKind":58,"line":40},"timestamp":1776248347113}
{"sessionId":"00e876","runId":"pre-fix","hypothesisId":"H12","location":"src/semantic/SemanticStmt.cpp:172","message":"checkBlock statement dispatch","data":{"stmtKind":58,"line":47},"timestamp":1776248347114}
{"sessionId":"00e876","runId":"pre-fix","hypothesisId":"H12","location":"src/semantic/SemanticStmt.cpp:172","message":"checkBlock statement dispatch","data":{"stmtKind":52,"line":54},"timestamp":1776248347115}
{"sessionId":"00e876","runId":"pre-fix","hypothesisId":"H12","location":"src/semantic/SemanticStmt.cpp:172","message":"checkBlock statement dispatch","data":{"stmtKind":58,"line":55},"timestamp":1776248347116}
{"sessionId":"00e876","runId":"pre-fix","hypothesisId":"H12","location":"src/semantic/SemanticStmt.cpp:172","message":"checkBlock statement dispatch","data":{"stmtKind":52,"line":62},"timestamp":1776248347117}
{"sessionId":"00e876","runId":"pre-fix","hypothesisId":"H12","location":"src/semantic/SemanticStmt.cpp:172","message":"checkBlock statement dispatch","data":{"stmtKind":52,"line":63},"timestamp":1776248347118}
{"sessionId":"00e876","runId":"pre-fix","hypothesisId":"H12","location":"src/semantic/SemanticStmt.cpp:172","message":"checkBlock statement dispatch","data":{"stmtKind":52,"line":67},"timestamp":1776248347118}
{"sessionId":"00e876","runId":"pre-fix","hypothesisId":"H12","location":"src/semantic/SemanticStmt.cpp:172","message":"checkBlock statement dispatch","data":{"stmtKind":52,"line":68},"timestamp":1776248347118}
{"sessionId":"00e876","runId":"pre-fix","hypothesisId":"H12","location":"src/semantic/SemanticStmt.cpp:172","message":"checkBlock statement dispatch","data":{"stmtKind":52,"line":71},"timestamp":1776248347118}
{"sessionId":"00e876","runId":"pre-fix","hypothesisId":"H12","location":"src/semantic/SemanticStmt.cpp:172","message":"checkBlock statement dispatch","data":{"stmtKind":58,"line":72},"timestamp":1776248347119}
{"sessionId":"00e876","runId":"pre-fix","hypothesisId":"H12","location":"src/semantic/SemanticStmt.cpp:172","message":"checkBlock statement dispatch","data":{"stmtKind":52,"line":75},"timestamp":1776248347119}
{"sessionId":"00e876","runId":"pre-fix","hypothesisId":"H12","location":"src/semantic/SemanticStmt.cpp:172","message":"checkBlock statement dispatch","data":{"stmtKind":52,"line":76},"timestamp":1776248347119}
{"sessionId":"00e876","runId":"pre-fix","hypothesisId":"H12","location":"src/semantic/SemanticStmt.cpp:172","message":"checkBlock statement dispatch","data":{"stmtKind":52,"line":77},"timestamp":1776248347120}
{"sessionId":"00e876","runId":"pre-fix","hypothesisId":"H12","location":"src/semantic/SemanticStmt.cpp:172","message":"checkBlock statement dispatch","data":{"stmtKind":52,"line":80},"timestamp":1776248347120}
{"sessionId":"00e876","runId":"pre-fix","hypothesisId":"H12","location":"src/semantic/SemanticStmt.cpp:172","message":"checkBlock statement dispatch","data":{"stmtKind":52,"line":86},"timestamp":1776248347121}
{"sessionId":"00e876","runId":"pre-fix","hypothesisId":"H12","location":"src/semantic/SemanticStmt.cpp:172","message":"checkBlock statement dispatch","data":{"stmtKind":52,"line":89},"timestamp":1776248347121}
{"sessionId":"00e876","runId":"pre-fix","hypothesisId":"H12","location":"src/semantic/SemanticStmt.cpp:172","message":"checkBlock statement dispatch","data":{"stmtKind":52,"line":90},"timestamp":1776248347121}
{"sessionId":"00e876","runId":"pre-fix","hypothesisId":"H12","location":"src/semantic/SemanticStmt.cpp:172","message":"checkBlock statement dispatch","data":{"stmtKind":52,"line":93},"timestamp":1776248347122}
{"sessionId":"00e876","runId":"pre-fix","hypothesisId":"H12","location":"src/semantic/SemanticStmt.cpp:172","message":"checkBlock statement dispatch","data":{"stmtKind":52,"line":94},"timestamp":1776248347122}
{"sessionId":"00e876","runId":"pre-fix","hypothesisId":"H12","location":"src/semantic/SemanticStmt.cpp:172","message":"checkBlock statement dispatch","data":{"stmtKind":52,"line":95},"timestamp":1776248347122}
{"sessionId":"00e876","runId":"pre-fix","hypothesisId":"H12","location":"src/semantic/SemanticStmt.cpp:172","message":"checkBlock statement dispatch","data":{"stmtKind":52,"line":98},"timestamp":1776248347123}
{"sessionId":"00e876","runId":"pre-fix","hypothesisId":"H12","location":"src/semantic/SemanticStmt.cpp:172","message":"checkBlock statement dispatch","data":{"stmtKind":58,"line":99},"timestamp":1776248347123}
{"sessionId":"00e876","runId":"pre-fix","hypothesisId":"H9","location":"src/semantic/SemanticStmt.cpp:183","message":"local function symbol declared in statement scope","data":{"name":"anonAsync","line":98,"symTypeKind":9,"signatureKind":9},"timestamp":1776248347123}
{"sessionId":"00e876","runId":"pre-fix","hypothesisId":"H12","location":"src/semantic/SemanticStmt.cpp:172","message":"checkBlock statement dispatch","data":{"stmtKind":52,"line":103},"timestamp":1776248347124}
{"sessionId":"00e876","runId":"pre-fix","hypothesisId":"H12","location":"src/semantic/SemanticStmt.cpp:172","message":"checkBlock statement dispatch","data":{"stmtKind":52,"line":104},"timestamp":1776248347124}
{"sessionId":"00e876","runId":"pre-fix","hypothesisId":"H12","location":"src/semantic/SemanticStmt.cpp:172","message":"checkBlock statement dispatch","data":{"stmtKind":52,"line":108},"timestamp":1776248347124}
{"sessionId":"00e876","runId":"pre-fix","hypothesisId":"H12","location":"src/semantic/SemanticStmt.cpp:172","message":"checkBlock statement dispatch","data":{"stmtKind":58,"line":109},"timestamp":1776248347125}
{"sessionId":"00e876","runId":"pre-fix","hypothesisId":"H9","location":"src/semantic/SemanticStmt.cpp:183","message":"local function symbol declared in statement scope","data":{"name":"f1","line":108,"symTypeKind":9,"signatureKind":9},"timestamp":1776248347125}
{"sessionId":"00e876","runId":"pre-fix","hypothesisId":"H12","location":"src/semantic/SemanticStmt.cpp:172","message":"checkBlock statement dispatch","data":{"stmtKind":52,"line":113},"timestamp":1776248347125}
{"sessionId":"00e876","runId":"pre-fix","hypothesisId":"H12","location":"src/semantic/SemanticStmt.cpp:172","message":"checkBlock statement dispatch","data":{"stmtKind":58,"line":114},"timestamp":1776248347126}
{"sessionId":"00e876","runId":"pre-fix","hypothesisId":"H9","location":"src/semantic/SemanticStmt.cpp:183","message":"local function symbol declared in statement scope","data":{"name":"f2","line":113,"symTypeKind":9,"signatureKind":9},"timestamp":1776248347126}
{"sessionId":"00e876","runId":"pre-fix","hypothesisId":"H12","location":"src/semantic/SemanticStmt.cpp:172","message":"checkBlock statement dispatch","data":{"stmtKind":52,"line":119},"timestamp":1776248347126}
{"sessionId":"00e876","runId":"pre-fix","hypothesisId":"H12","location":"src/semantic/SemanticStmt.cpp:172","message":"checkBlock statement dispatch","data":{"stmtKind":58,"line":121},"timestamp":1776248347126}
{"sessionId":"00e876","runId":"pre-fix","hypothesisId":"H12","location":"src/semantic/SemanticStmt.cpp:172","message":"checkBlock statement dispatch","data":{"stmtKind":58,"line":22},"timestamp":1776248363172}
{"sessionId":"00e876","runId":"pre-fix","hypothesisId":"H12","location":"src/semantic/SemanticStmt.cpp:172","message":"checkBlock statement dispatch","data":{"stmtKind":58,"line":29},"timestamp":1776248363175}
{"sessionId":"00e876","runId":"pre-fix","hypothesisId":"H12","location":"src/semantic/SemanticStmt.cpp:172","message":"checkBlock statement dispatch","data":{"stmtKind":58,"line":40},"timestamp":1776248363182}
{"sessionId":"00e876","runId":"pre-fix","hypothesisId":"H12","location":"src/semantic/SemanticStmt.cpp:172","message":"checkBlock statement dispatch","data":{"stmtKind":58,"line":47},"timestamp":1776248363182}
{"sessionId":"00e876","runId":"pre-fix","hypothesisId":"H12","location":"src/semantic/SemanticStmt.cpp:172","message":"checkBlock statement dispatch","data":{"stmtKind":52,"line":54},"timestamp":1776248363183}
{"sessionId":"00e876","runId":"pre-fix","hypothesisId":"H12","location":"src/semantic/SemanticStmt.cpp:172","message":"checkBlock statement dispatch","data":{"stmtKind":58,"line":55},"timestamp":1776248363183}
{"sessionId":"00e876","runId":"pre-fix","hypothesisId":"H12","location":"src/semantic/SemanticStmt.cpp:172","message":"checkBlock statement dispatch","data":{"stmtKind":52,"line":62},"timestamp":1776248363184}
{"sessionId":"00e876","runId":"pre-fix","hypothesisId":"H12","location":"src/semantic/SemanticStmt.cpp:172","message":"checkBlock statement dispatch","data":{"stmtKind":52,"line":63},"timestamp":1776248363184}
{"sessionId":"00e876","runId":"pre-fix","hypothesisId":"H12","location":"src/semantic/SemanticStmt.cpp:172","message":"checkBlock statement dispatch","data":{"stmtKind":52,"line":67},"timestamp":1776248363185}
{"sessionId":"00e876","runId":"pre-fix","hypothesisId":"H12","location":"src/semantic/SemanticStmt.cpp:172","message":"checkBlock statement dispatch","data":{"stmtKind":52,"line":68},"timestamp":1776248363185}
{"sessionId":"00e876","runId":"pre-fix","hypothesisId":"H12","location":"src/semantic/SemanticStmt.cpp:172","message":"checkBlock statement dispatch","data":{"stmtKind":52,"line":71},"timestamp":1776248363185}
{"sessionId":"00e876","runId":"pre-fix","hypothesisId":"H12","location":"src/semantic/SemanticStmt.cpp:172","message":"checkBlock statement dispatch","data":{"stmtKind":58,"line":72},"timestamp":1776248363185}
